2025-09-16 19:37:44, MOVE, v:1, k:toalha, mode:DOWN
2025-09-16 19:39:29, MOVE, v:1, k:toalha, mode:PICK
2025-09-16 19:39:33, EXEC, v:1, k:toalha, mode:LOCK, rate:0, size:1
2025-09-16 19:40:14, MOVE, v:1, k:toalha, mode:BACK
2025-09-16 19:43:04, SELF, v:1, k:toalha
2025-09-16 19:48:36, SELF, v:1, k:toalha
2025-09-16 19:51:57, MOVE, v:1, k:toalha, mode:PICK
2025-09-16 19:52:01, EXEC, v:1, k:toalha, mode:LOCK, rate:0
2025-09-16 20:08:23, EXEC, v:1, k:toalha, mode:LOCK, rate:0, size:10
2025-09-16 20:10:11, EXEC, v:1, k:toalha, mode:LOCK, rate:0, size:11
2025-09-16 20:13:09, EXEC, v:1, k:toalha, mode:LOCK, rate:0, size:11
2025-09-16 20:13:55, EXEC, v:1, k:toalha, mode:LOCK, rate:0, size:11
2025-09-16 20:14:33, EXEC, v:1, k:toalha, mode:LOCK, rate:0, size:11
2025-09-16 20:14:42, EXEC, v:1, k:toalha, mode:LOCK, rate:0
2025-09-16 20:14:58, EXEC, v:1, k:toalha, mode:LOCK, rate:0, size:10
2025-09-16 20:15:11, EXEC, v:1, k:toalha, mode:LOCK, rate:0, size:10
2025-09-16 20:17:16, EXEC, v:1, k:toalha, mode:LOCK, rate:0, size:10
2025-09-16 20:17:37, EXEC, v:1, k:toalha, mode:LOCK, rate:0, size:10
2025-09-16 20:17:53, EXEC, v:1, k:toalha, mode:LOCK, rate:0
2025-09-16 20:18:09, MOVE, v:1, k:toalha, mode:PICK
2025-09-16 20:18:10, EXEC, v:1, k:toalha, mode:LOCK, rate:100, size:7
2025-09-16 20:18:12, EXEC, v:1, k:toalha, mode:LOCK, rate:100
2025-09-16 20:18:13, EXEC, v:1, k:toalha, mode:LOCK, rate:100
2025-09-16 20:18:18, EXEC, v:1, k:toalha, mode:LOCK, rate:0, size:10
2025-09-16 20:19:33, EXEC, v:1, k:toalha, mode:LOCK, rate:0, size:16
2025-09-16 20:19:36, EXEC, v:1, k:toalha, mode:LOCK, rate:0
2025-09-16 20:21:33, EXEC, v:1, k:toalha, mode:LOCK, rate:0, size:20
2025-09-16 20:21:48, EXEC, v:1, k:toalha, mode:LOCK, rate:0
2025-09-16 20:23:32, EXEC, v:1, k:toalha, mode:LOCK, rate:0
2025-09-16 20:23:44, MOVE, v:1, k:toalha, mode:BACK
2025-09-16 20:23:48, MOVE, v:1, k:toalha, mode:PICK
2025-09-16 20:23:51, MOVE, v:1, k:toalha, mode:BACK
2025-09-16 20:24:38, SELF, v:1, k:toalha, rate:30, human:monitor, guide:aula, alone:1, study:35
