2025-10-04 17:28:03, MOVE, v:1, k:animal, mode:PICK
2025-10-04 17:28:04, EXEC, v:1, k:animal, mode:FULL, rate:0
2025-10-04 17:29:48, MOVE, v:1, k:animal, mode:PICK
2025-10-04 17:30:01, EXEC, v:1, k:animal, mode:FULL, rate:0
2025-10-04 17:30:04, MOVE, v:1, k:animal, mode:BACK
2025-10-04 17:30:05, MOVE, v:1, k:animal, mode:PICK
2025-10-04 17:30:09, EXEC, v:1, k:animal, mode:FULL, rate:0
2025-10-04 17:41:08, EXEC, v:1, k:animal, mode:FULL, rate:0, size:49
2025-10-04 17:44:02, EXEC, v:1, k:animal, mode:FULL, rate:0, size:49
2025-10-04 17:45:38, EXEC, v:1, k:animal, mode:FULL, rate:0, size:49
2025-10-04 17:46:45, EXEC, v:1, k:animal, mode:FULL, rate:0
2025-10-04 17:47:29, EXEC, v:1, k:animal, mode:FULL, rate:0, size:49
2025-10-04 17:49:44, EXEC, v:1, k:animal, mode:FULL, rate:0, size:49
2025-10-04 17:50:55, EXEC, v:1, k:animal, mode:FULL, rate:0, size:49
2025-10-04 17:56:43, EXEC, v:1, k:animal, mode:FULL, rate:0, size:49
2025-10-04 17:56:58, EXEC, v:1, k:animal, mode:FULL, rate:0
2025-10-04 17:57:15, EXEC, v:1, k:animal, mode:FULL, rate:25, size:49
2025-10-04 17:58:14, EXEC, v:1, k:animal, mode:FULL, rate:25, size:49
2025-10-04 17:58:27, EXEC, v:1, k:animal, mode:FULL, rate:25, size:49
2025-10-04 17:58:33, EXEC, v:1, k:animal, mode:FULL, rate:25, size:49
2025-10-04 17:58:43, EXEC, v:1, k:animal, mode:FULL, rate:100, size:49
2025-10-04 17:59:09, EXEC, v:1, k:animal, mode:FULL, rate:100
2025-10-04 20:50:00, MOVE, v:1, k:animal, mode:PICK
2025-10-04 20:50:12, MOVE, v:1, k:animal, mode:BACK
2025-10-04 20:50:30, SELF, v:1, k:animal, human:amigo, guide:video, alone:6, study:40
2025-10-04 20:51:00, SELF, v:1, k:animal, human:amigo, guide:video, alone:10, study:60
2025-10-04 20:51:06, MOVE, v:1, k:carro, mode:PICK
2025-10-04 20:51:07, EXEC, v:1, k:carro, mode:FULL, rate:0, size:12
2025-10-04 20:53:11, MOVE, v:1, k:carro, mode:BACK
2025-10-04 20:53:29, SELF, v:1, k:enxugar, rate:100, human:amigo, guide:video_aula, alone:10, study:75
2025-10-04 20:53:46, MOVE, v:1, k:animal, mode:PICK
2025-10-04 20:53:47, EXEC, v:1, k:animal, mode:FULL, rate:100
2025-10-04 20:54:29, EXEC, v:1, k:animal, mode:FULL, rate:100
2025-10-04 20:54:30, MOVE, v:1, k:animal, mode:BACK
2025-10-04 20:54:33, MOVE, v:1, k:carro, mode:PICK
2025-10-04 20:54:34, EXEC, v:1, k:carro, mode:FULL, rate:0, size:13
2025-10-04 20:54:38, EXEC, v:1, k:carro, mode:FULL, rate:0
2025-10-04 21:02:18, EXEC, v:1, k:carro, mode:FULL, rate:0, size:26
