2025-10-05 18:27:09, MOVE, v:1, k:carro, mode:PICK
2025-10-05 18:27:10, EXEC, v:1, k:carro, mode:FULL, rate:0, size:73
2025-10-05 18:27:12, EXEC, v:1, k:carro, mode:FULL, rate:0
2025-10-05 18:27:43, EXEC, v:1, k:carro, mode:FULL, rate:0
2025-10-05 18:28:12, EXEC, v:1, k:carro, mode:FULL, rate:0, size:75
2025-10-05 18:28:36, EXEC, v:1, k:carro, mode:FULL, rate:0, size:75
2025-10-05 18:28:46, EXEC, v:1, k:carro, mode:FULL, rate:10, size:75
2025-10-05 18:29:40, EXEC, v:1, k:carro, mode:FULL, rate:0, size:75
2025-10-05 18:29:48, EXEC, v:1, k:carro, mode:FULL, rate:10, size:75
2025-10-05 18:33:21, EXEC, v:1, k:carro, mode:FULL, rate:10, size:75
2025-10-05 18:33:54, EXEC, v:1, k:carro, mode:FULL, rate:10, size:75
2025-10-05 18:34:51, EXEC, v:1, k:carro, mode:FULL, rate:10, size:75
2025-10-05 18:36:33, EXEC, v:1, k:carro, mode:FULL, rate:10, size:75
2025-10-05 18:37:28, EXEC, v:1, k:carro, mode:FULL, rate:10, size:75
2025-10-05 18:40:47, EXEC, v:1, k:carro, mode:FULL, rate:10, size:75
2025-10-05 18:48:17, EXEC, v:1, k:carro, mode:FULL, rate:70, size:75
2025-10-05 18:54:21, EXEC, v:1, k:carro, mode:FULL, rate:80, size:75
2025-10-05 18:54:43, EXEC, v:1, k:carro, mode:FULL, rate:100, size:75
2025-10-05 18:54:58, EXEC, v:1, k:carro, mode:FREE
2025-10-05 18:57:09, MOVE, v:1, k:carro, mode:BACK
2025-10-05 18:58:04, SELF, v:1, k:carro, rate:100, human:amigo, iagen:copilot_pra_corrigir, other:shell, alone:7, study:45
2025-10-05 18:58:20, MOVE, v:1, k:calculadora, mode:DOWN
2025-10-05 19:32:11, MOVE, v:1, k:calculadora, mode:PICK
2025-10-05 19:32:12, EXEC, v:1, k:calculadora, mode:FULL, rate:0, size:32
2025-10-05 19:57:53, EXEC, v:1, k:calculadora, mode:FULL, rate:0, size:57
2025-10-05 19:58:51, EXEC, v:1, k:calculadora, mode:FULL, rate:0, size:57
2025-10-05 20:00:41, EXEC, v:1, k:calculadora, mode:FULL, rate:81, size:57
2025-10-05 20:00:57, EXEC, v:1, k:calculadora, mode:FULL, rate:100, size:57
2025-10-05 20:01:20, EXEC, v:1, k:calculadora, mode:FULL, rate:100
2025-10-05 20:01:30, EXEC, v:1, k:calculadora, mode:FULL, rate:100
2025-10-05 20:01:30, MOVE, v:1, k:calculadora, mode:BACK
2025-10-05 20:02:08, SELF, v:1, k:calculadora, rate:100, human:amigo, iagen:copilot_para_correcao, alone:8, study:50
2025-10-05 20:02:10, MOVE, v:1, k:calculadora, mode:PICK
2025-10-05 20:02:12, EXEC, v:1, k:calculadora, mode:FULL, rate:100
