2025-09-30 16:05:04, MOVE, v:1, k:toalha, mode:PICK
2025-09-30 16:05:05, EXEC, v:1, k:toalha, mode:LOCK, rate:0
2025-09-30 16:05:10, EXEC, v:1, k:toalha, mode:LOCK, rate:0
2025-09-30 16:05:10, EXEC, v:1, k:toalha, mode:LOCK, rate:0
2025-09-30 16:05:15, MOVE, v:1, k:toalha, mode:BACK
2025-09-30 16:05:23, MOVE, v:1, k:animal, mode:PICK
2025-09-30 16:05:24, EXEC, v:1, k:animal, mode:FULL, rate:0, size:24
2025-09-30 16:05:32, MOVE, v:1, k:animal, mode:BACK
2025-09-30 16:05:34, MOVE, v:1, k:toalha, mode:PICK
2025-09-30 16:05:36, EXEC, v:1, k:toalha, mode:LOCK, rate:0
2025-09-30 16:05:40, EXEC, v:1, k:toalha, mode:LOCK, rate:0
2025-09-30 19:12:07, MOVE, v:1, k:toalha, mode:PICK
2025-09-30 19:12:12, EXEC, v:1, k:toalha, mode:FREE
2025-09-30 19:15:51, EXEC, v:1, k:toalha, mode:LOCK, rate:0
2025-09-30 19:15:57, MOVE, v:1, k:toalha, mode:BACK
2025-09-30 19:16:13, MOVE, v:1, k:toalha, mode:PICK
2025-09-30 19:16:15, EXEC, v:1, k:toalha, mode:LOCK, rate:0
2025-09-30 19:16:29, MOVE, v:1, k:toalha, mode:BACK
2025-09-30 19:16:31, MOVE, v:1, k:toalha, mode:PICK
2025-09-30 19:16:36, MOVE, v:1, k:toalha, mode:BACK
2025-09-30 19:17:02, SELF, v:1, k:toalha, rate:90, human:monitor, guide:aula, alone:5, study:74
2025-09-30 19:18:23, MOVE, v:1, k:toalha, mode:PICK
2025-09-30 19:18:23, EXEC, v:1, k:toalha, mode:LOCK, rate:0, size:53
2025-09-30 19:18:25, EXEC, v:1, k:toalha, mode:FREE
2025-09-30 19:19:04, MOVE, v:1, k:toalha, mode:BACK
2025-09-30 19:19:07, MOVE, v:1, k:animal, mode:PICK
