2025-09-23 19:04:19, MOVE, v:1, k:toalha, mode:PICK
2025-09-23 19:04:21, EXEC, v:1, k:toalha, mode:LOCK, rate:0, size:54
2025-09-23 19:04:23, EXEC, v:1, k:toalha, mode:LOCK, rate:0
2025-09-23 19:04:25, EXEC, v:1, k:toalha, mode:LOCK, rate:0
2025-09-23 19:04:58, EXEC, v:1, k:toalha, mode:LOCK, rate:0
2025-09-23 19:05:00, EXEC, v:1, k:toalha, mode:LOCK, rate:0
2025-09-23 19:05:00, EXEC, v:1, k:toalha, mode:LOCK, rate:0
2025-09-23 19:05:30, MOVE, v:1, k:toalha, mode:BACK
2025-09-23 19:05:37, MOVE, v:1, k:toalha, mode:PICK
2025-09-23 19:05:38, EXEC, v:1, k:toalha, mode:LOCK, rate:0
2025-09-23 19:05:45, MOVE, v:1, k:toalha, mode:BACK
2025-09-23 19:06:56, SELF, v:1, k:toalha, rate:60, human:monitor, guide:aula, alone:4, study:74
2025-09-23 19:07:09, MOVE, v:1, k:toalha, mode:PICK
2025-09-23 19:07:11, EXEC, v:1, k:toalha, mode:LOCK, rate:0
2025-09-23 19:08:45, MOVE, v:1, k:toalha, mode:BACK
2025-09-23 19:08:47, MOVE, v:1, k:toalha, mode:PICK
2025-09-23 19:08:48, EXEC, v:1, k:toalha, mode:LOCK, rate:0
2025-09-23 19:09:26, EXEC, v:1, k:toalha, mode:FREE, size:52
2025-09-23 19:11:05, MOVE, v:1, k:toalha, mode:BACK
2025-09-23 19:11:09, MOVE, v:1, k:animal, mode:DOWN
2025-09-23 19:12:41, MOVE, v:1, k:animal, mode:PICK
2025-09-23 19:12:42, EXEC, v:1, k:animal, mode:FULL, rate:0, size:0
2025-09-23 19:19:39, EXEC, v:1, k:animal, mode:FULL, rate:0, size:7
2025-09-23 20:07:55, EXEC, v:1, k:animal, mode:FULL, rate:0, size:24
2025-09-23 20:08:29, MOVE, v:1, k:animal, mode:BACK
2025-09-23 20:09:32, SELF, v:1, k:animal, human:amigo, alone:2, study:40
